<?xml version="1.0" encoding="UTF-8"?>
<!-- Generated by org.testng.reporters.JUnitXMLReporter -->
<testsuite hostname="STIPLGGNL079" name="Default test" tests="2" failures="0" timestamp="1 Jun 2016 16:05:34 GMT" time="58.681" errors="0">
  <testcase name="Perform_Login_And_Verify_HomePage" time="29.21" classname="com.workday.salesforce.tests.TestCases"/>
  <testcase name="Select_Customer_Under_CSODAdmin" time="0.598" classname="com.workday.salesforce.tests.TestCases"/>
</testsuite> <!-- Default test -->
