<?xml version="1.0" encoding="UTF-8"?>
<testng-results skipped="0" failed="1" total="3" passed="2">
  <reporter-output>
  </reporter-output>
  <suite name="Default suite" duration-ms="62529" started-at="2016-06-14T09:57:12Z" finished-at="2016-06-14T09:58:14Z">
    <groups>
    </groups>
    <test name="Default test" duration-ms="62529" started-at="2016-06-14T09:57:12Z" finished-at="2016-06-14T09:58:14Z">
      <class name="com.workday.salesforce.tests.services.MarketPlace_Test_Module.MarketPlaceTest">
        <test-method status="PASS" signature="tearUp()[pri:0, instance:com.workday.salesforce.tests.services.MarketPlace_Test_Module.MarketPlaceTest@1fd484c3]" name="tearUp" is-config="true" duration-ms="13953" started-at="2016-06-14T15:27:12Z" finished-at="2016-06-14T15:27:26Z">
          <reporter-output>
          </reporter-output>
        </test-method> <!-- tearUp -->
        <test-method status="PASS" signature="Perform_Login_And_Verify_HomePage()[pri:0, instance:com.workday.salesforce.tests.services.MarketPlace_Test_Module.MarketPlaceTest@1fd484c3]" name="Perform_Login_And_Verify_HomePage" duration-ms="15424" started-at="2016-06-14T15:27:26Z" finished-at="2016-06-14T15:27:41Z">
          <reporter-output>
          </reporter-output>
        </test-method> <!-- Perform_Login_And_Verify_HomePage -->
        <test-method status="PASS" signature="tearDown(org.testng.ITestResult)[pri:0, instance:com.workday.salesforce.tests.services.MarketPlace_Test_Module.MarketPlaceTest@1fd484c3]" name="tearDown" is-config="true" duration-ms="926" started-at="2016-06-14T15:27:41Z" finished-at="2016-06-14T15:27:42Z">
          <params>
            <param index="0">
              <value>
                <![CDATA[[TestResult name=Perform_Login_And_Verify_HomePage status=SUCCESS method=MarketPlaceTest.Perform_Login_And_Verify_HomePage()[pri:0, instance:com.workday.salesforce.tests.services.MarketPlace_Test_Module.MarketPlaceTest@1fd484c3] output={null}]]]>
              </value>
            </param>
          </params>
          <reporter-output>
          </reporter-output>
        </test-method> <!-- tearDown -->
        <test-method status="FAIL" signature="Create_Case_Proffesional_Service_Request()[pri:0, instance:com.workday.salesforce.tests.services.MarketPlace_Test_Module.MarketPlaceTest@1fd484c3]" name="Create_Case_Proffesional_Service_Request" duration-ms="24475" started-at="2016-06-14T15:27:42Z" finished-at="2016-06-14T15:28:07Z">
          <exception class="java.lang.NullPointerException">
            <full-stacktrace>
              <![CDATA[java.lang.NullPointerException
	at com.workday.salesforce.utils.BasePage.click(BasePage.java:35)
	at com.workday.salesforce.actions.services.MarketPlacePageAction.Click_On_ProffesionalServicesRequest(MarketPlacePageAction.java:25)
	at com.workday.salesforce.tests.services.MarketPlace_Test_Module.MarketPlaceTest.Create_Case_Proffesional_Service_Request(MarketPlaceTest.java:39)
	at sun.reflect.NativeMethodAccessorImpl.invoke0(Native Method)
	at sun.reflect.NativeMethodAccessorImpl.invoke(NativeMethodAccessorImpl.java:57)
	at sun.reflect.DelegatingMethodAccessorImpl.invoke(DelegatingMethodAccessorImpl.java:43)
	at java.lang.reflect.Method.invoke(Method.java:606)
	at org.testng.internal.MethodInvocationHelper.invokeMethod(MethodInvocationHelper.java:84)
	at org.testng.internal.Invoker.invokeMethod(Invoker.java:714)
	at org.testng.internal.Invoker.invokeTestMethod(Invoker.java:901)
	at org.testng.internal.Invoker.invokeTestMethods(Invoker.java:1231)
	at org.testng.internal.TestMethodWorker.invokeTestMethods(TestMethodWorker.java:127)
	at org.testng.internal.TestMethodWorker.run(TestMethodWorker.java:111)
	at org.testng.TestRunner.privateRun(TestRunner.java:767)
	at org.testng.TestRunner.run(TestRunner.java:617)
	at org.testng.SuiteRunner.runTest(SuiteRunner.java:334)
	at org.testng.SuiteRunner.runSequentially(SuiteRunner.java:329)
	at org.testng.SuiteRunner.privateRun(SuiteRunner.java:291)
	at org.testng.SuiteRunner.run(SuiteRunner.java:240)
	at org.testng.SuiteRunnerWorker.runSuite(SuiteRunnerWorker.java:52)
	at org.testng.SuiteRunnerWorker.run(SuiteRunnerWorker.java:86)
	at org.testng.TestNG.runSuitesSequentially(TestNG.java:1224)
	at org.testng.TestNG.runSuitesLocally(TestNG.java:1149)
	at org.testng.TestNG.run(TestNG.java:1057)
	at org.testng.remote.RemoteTestNG.run(RemoteTestNG.java:111)
	at org.testng.remote.RemoteTestNG.initAndRun(RemoteTestNG.java:204)
	at org.testng.remote.RemoteTestNG.main(RemoteTestNG.java:175)
]]>
            </full-stacktrace>
          </exception> <!-- java.lang.NullPointerException -->
          <reporter-output>
          </reporter-output>
        </test-method> <!-- Create_Case_Proffesional_Service_Request -->
        <test-method status="PASS" signature="tearDown(org.testng.ITestResult)[pri:0, instance:com.workday.salesforce.tests.services.MarketPlace_Test_Module.MarketPlaceTest@1fd484c3]" name="tearDown" is-config="true" duration-ms="1167" started-at="2016-06-14T15:28:07Z" finished-at="2016-06-14T15:28:08Z">
          <params>
            <param index="0">
              <value>
                <![CDATA[[TestResult name=Create_Case_Proffesional_Service_Request status=FAILURE method=MarketPlaceTest.Create_Case_Proffesional_Service_Request()[pri:0, instance:com.workday.salesforce.tests.services.MarketPlace_Test_Module.MarketPlaceTest@1fd484c3] output={null}]]]>
              </value>
            </param>
          </params>
          <reporter-output>
          </reporter-output>
        </test-method> <!-- tearDown -->
        <test-method status="PASS" signature="Verify_CP_Request_Listed_In_CaseList()[pri:0, instance:com.workday.salesforce.tests.services.MarketPlace_Test_Module.MarketPlaceTest@1fd484c3]" name="Verify_CP_Request_Listed_In_CaseList" duration-ms="5052" started-at="2016-06-14T15:28:08Z" finished-at="2016-06-14T15:28:13Z">
          <reporter-output>
          </reporter-output>
        </test-method> <!-- Verify_CP_Request_Listed_In_CaseList -->
        <test-method status="PASS" signature="tearDown(org.testng.ITestResult)[pri:0, instance:com.workday.salesforce.tests.services.MarketPlace_Test_Module.MarketPlaceTest@1fd484c3]" name="tearDown" is-config="true" duration-ms="1082" started-at="2016-06-14T15:28:13Z" finished-at="2016-06-14T15:28:14Z">
          <params>
            <param index="0">
              <value>
                <![CDATA[[TestResult name=Verify_CP_Request_Listed_In_CaseList status=SUCCESS method=MarketPlaceTest.Verify_CP_Request_Listed_In_CaseList()[pri:0, instance:com.workday.salesforce.tests.services.MarketPlace_Test_Module.MarketPlaceTest@1fd484c3] output={null}]]]>
              </value>
            </param>
          </params>
          <reporter-output>
          </reporter-output>
        </test-method> <!-- tearDown -->
        <test-method status="PASS" signature="tearDown()[pri:0, instance:com.workday.salesforce.tests.services.MarketPlace_Test_Module.MarketPlaceTest@1fd484c3]" name="tearDown" is-config="true" duration-ms="423" started-at="2016-06-14T15:28:14Z" finished-at="2016-06-14T15:28:14Z">
          <reporter-output>
          </reporter-output>
        </test-method> <!-- tearDown -->
      </class> <!-- com.workday.salesforce.tests.services.MarketPlace_Test_Module.MarketPlaceTest -->
    </test> <!-- Default test -->
  </suite> <!-- Default suite -->
</testng-results>
